pthread created
Fri Sep  4 23:57:51 2015

getDone
Fri Sep  4 23:57:51 2015

t_id[1985610864], printf until signal is comming

Fri Sep  4 23:57:51 2015

sleep 1 sec
Fri Sep  4 23:57:51 2015

t_id[1985610864], printf until signal is comming

Fri Sep  4 23:57:52 2015

sleep 1 sec
Fri Sep  4 23:57:52 2015

t_id[1985610864], printf until signal is comming

Fri Sep  4 23:57:53 2015

sleep 1 sec
Fri Sep  4 23:57:53 2015

t_id[1985610864], printf until signal is comming

Fri Sep  4 23:57:54 2015

sleep 1 sec
Fri Sep  4 23:57:54 2015

t_id[1985610864], printf until signal is comming

Fri Sep  4 23:57:55 2015

sleep 1 sec
Fri Sep  4 23:57:55 2015

t_id[1985610864], printf until signal is comming

Fri Sep  4 23:57:56 2015

sleep 1 sec
Fri Sep  4 23:57:56 2015

t_id[1985610864], printf until signal is comming

Fri Sep  4 23:57:57 2015

sleep 1 sec
Fri Sep  4 23:57:57 2015

t_id[1985610864], printf until signal is comming

Fri Sep  4 23:57:58 2015

sleep 1 sec
Fri Sep  4 23:57:58 2015

t_id[1985610864], printf until signal is comming

Fri Sep  4 23:57:59 2015

sleep 1 sec
Fri Sep  4 23:57:59 2015

t_id[1985610864], printf until signal is comming

Fri Sep  4 23:58:00 2015

sleep 1 sec
Fri Sep  4 23:58:00 2015

t_id[1985610864], printf until signal is comming

Fri Sep  4 23:58:01 2015

sleep 1 sec
Fri Sep  4 23:58:01 2015

t_id[1985610864], printf until signal is comming

Fri Sep  4 23:58:02 2015

sleep 1 sec
Fri Sep  4 23:58:02 2015

t_id[1985610864], printf until signal is comming

Fri Sep  4 23:58:03 2015

sleep 1 sec
Fri Sep  4 23:58:03 2015

t_id[1985610864], printf until signal is comming

Fri Sep  4 23:58:04 2015

sleep 1 sec
Fri Sep  4 23:58:04 2015

t_id[1985610864], printf until signal is comming

Fri Sep  4 23:58:05 2015

sleep 1 sec
Fri Sep  4 23:58:05 2015

t_id[1985610864], printf until signal is comming

Fri Sep  4 23:58:06 2015

sleep 1 sec
Fri Sep  4 23:58:06 2015

t_id[1985610864], printf until signal is comming

Fri Sep  4 23:58:07 2015

sleep 1 sec
Fri Sep  4 23:58:07 2015

t_id[1985610864], printf until signal is comming

Fri Sep  4 23:58:08 2015

sleep 1 sec
Fri Sep  4 23:58:08 2015

t_id[1985610864], printf until signal is comming

Fri Sep  4 23:58:09 2015

sleep 1 sec
Fri Sep  4 23:58:09 2015

t_id[1985610864], printf until signal is comming

Fri Sep  4 23:58:10 2015

sleep 1 sec
Fri Sep  4 23:58:10 2015

t_id[1985610864], printf until signal is comming

Fri Sep  4 23:58:11 2015

sleep 1 sec
Fri Sep  4 23:58:11 2015

t_id[1985610864], printf until signal is comming

Fri Sep  4 23:58:12 2015

sleep 1 sec
Fri Sep  4 23:58:12 2015

t_id[1985610864], printf until signal is comming

Fri Sep  4 23:58:13 2015

sleep 1 sec
Fri Sep  4 23:58:13 2015

t_id[1985610864], printf until signal is comming

Fri Sep  4 23:58:14 2015

sleep 1 sec
Fri Sep  4 23:58:14 2015

t_id[1985610864], printf until signal is comming

Fri Sep  4 23:58:15 2015

sleep 1 sec
Fri Sep  4 23:58:15 2015

t_id[1985610864], printf until signal is comming

Fri Sep  4 23:58:16 2015

sleep 1 sec
Fri Sep  4 23:58:16 2015

t_id[1985610864], printf until signal is comming

Fri Sep  4 23:58:17 2015

sleep 1 sec
Fri Sep  4 23:58:17 2015

t_id[1985610864], printf until signal is comming

Fri Sep  4 23:58:18 2015

sleep 1 sec
Fri Sep  4 23:58:18 2015

t_id[1985610864], printf until signal is comming

Fri Sep  4 23:58:19 2015

sleep 1 sec
Fri Sep  4 23:58:19 2015

t_id[1985610864], printf until signal is comming

Fri Sep  4 23:58:20 2015

sleep 1 sec
Fri Sep  4 23:58:20 2015

t_id[1985610864], printf until signal is comming

Fri Sep  4 23:58:21 2015

sleep 1 sec
Fri Sep  4 23:58:21 2015

t_id[1985610864], printf until signal is comming

Fri Sep  4 23:58:22 2015

sleep 1 sec
Fri Sep  4 23:58:22 2015

pthread created
Sat Sep  5 00:38:19 2015

getDone
Sat Sep  5 00:38:19 2015

t_id[1986421872], printf until signal is comming

Sat Sep  5 00:38:19 2015

sleep 1 sec
Sat Sep  5 00:38:19 2015

t_id[1986421872], printf until signal is comming

Sat Sep  5 00:38:20 2015

sleep 1 sec
Sat Sep  5 00:38:20 2015

t_id[1986421872], printf until signal is comming

Sat Sep  5 00:38:21 2015

sleep 1 sec
Sat Sep  5 00:38:21 2015

t_id[1986421872], printf until signal is comming

Sat Sep  5 00:38:22 2015

sleep 1 sec
Sat Sep  5 00:38:22 2015

t_id[1986421872], printf until signal is comming

Sat Sep  5 00:38:23 2015

sleep 1 sec
Sat Sep  5 00:38:23 2015

t_id[1986421872], printf until signal is comming

Sat Sep  5 00:38:24 2015

sleep 1 sec
Sat Sep  5 00:38:24 2015

t_id[1986421872], printf until signal is comming

Sat Sep  5 00:38:25 2015

sleep 1 sec
Sat Sep  5 00:38:25 2015

t_id[1986421872], printf until signal is comming

Sat Sep  5 00:38:26 2015

sleep 1 sec
Sat Sep  5 00:38:26 2015

t_id[1986421872], printf until signal is comming

Sat Sep  5 00:38:27 2015

sleep 1 sec
Sat Sep  5 00:38:27 2015

t_id[1986421872], printf until signal is comming

Sat Sep  5 00:38:28 2015

sleep 1 sec
Sat Sep  5 00:38:28 2015

t_id[1986421872], printf until signal is comming

Sat Sep  5 00:38:29 2015

sleep 1 sec
Sat Sep  5 00:38:29 2015

t_id[1986421872], printf until signal is comming

Sat Sep  5 00:38:30 2015

sleep 1 sec
Sat Sep  5 00:38:30 2015

t_id[1986421872], printf until signal is comming

Sat Sep  5 00:38:31 2015

sleep 1 sec
Sat Sep  5 00:38:31 2015

pthread created
Sat Sep  5 00:40:56 2015

getDone
Sat Sep  5 00:40:56 2015

t_id[1985475696], printf until signal is comming

Sat Sep  5 00:40:56 2015

sleep 1 sec
Sat Sep  5 00:40:56 2015

t_id[1985475696], printf until signal is comming

Sat Sep  5 00:40:57 2015

sleep 1 sec
Sat Sep  5 00:40:57 2015

t_id[1985475696], printf until signal is comming

Sat Sep  5 00:40:58 2015

sleep 1 sec
Sat Sep  5 00:40:58 2015

t_id[1985475696], printf until signal is comming

Sat Sep  5 00:40:59 2015

sleep 1 sec
Sat Sep  5 00:40:59 2015

t_id[1985475696], printf until signal is comming

Sat Sep  5 00:41:00 2015

sleep 1 sec
Sat Sep  5 00:41:00 2015

t_id[1985475696], printf until signal is comming

Sat Sep  5 00:41:01 2015

sleep 1 sec
Sat Sep  5 00:41:01 2015

t_id[1985475696], printf until signal is comming

Sat Sep  5 00:41:02 2015

sleep 1 sec
Sat Sep  5 00:41:02 2015

t_id[1985475696], printf until signal is comming

Sat Sep  5 00:41:03 2015

sleep 1 sec
Sat Sep  5 00:41:03 2015

t_id[1985475696], printf until signal is comming

Sat Sep  5 00:41:04 2015

sleep 1 sec
Sat Sep  5 00:41:04 2015

t_id[1985475696], printf until signal is comming

Sat Sep  5 00:41:05 2015

sleep 1 sec
Sat Sep  5 00:41:05 2015

t_id[1985475696], printf until signal is comming

Sat Sep  5 00:41:06 2015

sleep 1 sec
Sat Sep  5 00:41:06 2015

t_id[1985475696], printf until signal is comming

Sat Sep  5 00:41:07 2015

sleep 1 sec
Sat Sep  5 00:41:07 2015

pthread created
Sat Sep  5 00:42:11 2015

getDone
Sat Sep  5 00:42:11 2015

t_id[1986008176], printf until signal is comming

Sat Sep  5 00:42:11 2015

sleep 1 sec
Sat Sep  5 00:42:11 2015

t_id[1986008176], printf until signal is comming

Sat Sep  5 00:42:12 2015

sleep 1 sec
Sat Sep  5 00:42:12 2015

pthread created
Sat Sep  5 00:42:14 2015

getDone
Sat Sep  5 00:42:14 2015

t_id[1986237552], printf until signal is comming

Sat Sep  5 00:42:14 2015

sleep 1 sec
Sat Sep  5 00:42:14 2015

t_id[1986237552], printf until signal is comming

Sat Sep  5 00:42:15 2015

sleep 1 sec
Sat Sep  5 00:42:15 2015

t_id[1986237552], printf until signal is comming

Sat Sep  5 00:42:16 2015

sleep 1 sec
Sat Sep  5 00:42:16 2015

t_id[1986237552], printf until signal is comming

Sat Sep  5 00:42:17 2015

sleep 1 sec
Sat Sep  5 00:42:17 2015

t_id[1986237552], printf until signal is comming

Sat Sep  5 00:42:18 2015

sleep 1 sec
Sat Sep  5 00:42:18 2015

t_id[1986237552], printf until signal is comming

Sat Sep  5 00:42:19 2015

sleep 1 sec
Sat Sep  5 00:42:19 2015

t_id[1986237552], printf until signal is comming

Sat Sep  5 00:42:20 2015

sleep 1 sec
Sat Sep  5 00:42:20 2015

t_id[1986237552], printf until signal is comming

Sat Sep  5 00:42:21 2015

sleep 1 sec
Sat Sep  5 00:42:21 2015

t_id[1986237552], printf until signal is comming

Sat Sep  5 00:42:22 2015

sleep 1 sec
Sat Sep  5 00:42:22 2015

t_id[1986237552], printf until signal is comming

Sat Sep  5 00:42:23 2015

sleep 1 sec
Sat Sep  5 00:42:23 2015

t_id[1986237552], printf until signal is comming

Sat Sep  5 00:42:24 2015

sleep 1 sec
Sat Sep  5 00:42:24 2015

t_id[1986237552], printf until signal is comming

Sat Sep  5 00:42:25 2015

sleep 1 sec
Sat Sep  5 00:42:25 2015

t_id[1986237552], printf until signal is comming

Sat Sep  5 00:42:26 2015

sleep 1 sec
Sat Sep  5 00:42:26 2015

pthread created
Sat Sep  5 00:47:07 2015

getDone
Sat Sep  5 00:47:07 2015

t_id[1986454640], printf until signal is comming

Sat Sep  5 00:47:07 2015

sleep 1 sec
Sat Sep  5 00:47:07 2015

t_id[1986454640], printf until signal is comming

Sat Sep  5 00:47:09 2015

sleep 1 sec
Sat Sep  5 00:47:09 2015

t_id[1986454640], printf until signal is comming

Sat Sep  5 00:47:10 2015

sleep 1 sec
Sat Sep  5 00:47:10 2015

t_id[1986454640], printf until signal is comming

Sat Sep  5 00:47:11 2015

sleep 1 sec
Sat Sep  5 00:47:11 2015

t_id[1986454640], printf until signal is comming

Sat Sep  5 00:47:12 2015

sleep 1 sec
Sat Sep  5 00:47:12 2015

t_id[1986454640], printf until signal is comming

Sat Sep  5 00:47:13 2015

sleep 1 sec
Sat Sep  5 00:47:13 2015

t_id[1986454640], printf until signal is comming

Sat Sep  5 00:47:14 2015

sleep 1 sec
Sat Sep  5 00:47:14 2015

t_id[1986454640], printf until signal is comming

Sat Sep  5 00:47:15 2015

sleep 1 sec
Sat Sep  5 00:47:15 2015

t_id[1986454640], printf until signal is comming

Sat Sep  5 00:47:16 2015

sleep 1 sec
Sat Sep  5 00:47:16 2015

t_id[1986454640], printf until signal is comming

Sat Sep  5 00:47:17 2015

sleep 1 sec
Sat Sep  5 00:47:17 2015

t_id[1986454640], printf until signal is comming

Sat Sep  5 00:47:18 2015

sleep 1 sec
Sat Sep  5 00:47:18 2015

t_id[1986454640], printf until signal is comming

Sat Sep  5 00:47:19 2015

sleep 1 sec
Sat Sep  5 00:47:19 2015

t_id[1986454640], printf until signal is comming

Sat Sep  5 00:47:20 2015

sleep 1 sec
Sat Sep  5 00:47:20 2015

t_id[1986454640], printf until signal is comming

Sat Sep  5 00:47:21 2015

sleep 1 sec
Sat Sep  5 00:47:21 2015

t_id[1986454640], printf until signal is comming

Sat Sep  5 00:47:22 2015

sleep 1 sec
Sat Sep  5 00:47:22 2015

t_id[1986454640], printf until signal is comming

Sat Sep  5 00:47:23 2015

sleep 1 sec
Sat Sep  5 00:47:23 2015

t_id[1986454640], printf until signal is comming

Sat Sep  5 00:47:24 2015

sleep 1 sec
Sat Sep  5 00:47:24 2015

t_id[1986454640], printf until signal is comming

Sat Sep  5 00:47:25 2015

sleep 1 sec
Sat Sep  5 00:47:25 2015

t_id[1986454640], printf until signal is comming

Sat Sep  5 00:47:26 2015

sleep 1 sec
Sat Sep  5 00:47:26 2015

t_id[1986454640], printf until signal is comming

Sat Sep  5 00:47:27 2015

sleep 1 sec
Sat Sep  5 00:47:27 2015

t_id[1986454640], printf until signal is comming

Sat Sep  5 00:47:28 2015

sleep 1 sec
Sat Sep  5 00:47:28 2015

t_id[1986454640], printf until signal is comming

Sat Sep  5 00:47:29 2015

sleep 1 sec
Sat Sep  5 00:47:29 2015

t_id[1986454640], printf until signal is comming

Sat Sep  5 00:47:30 2015

sleep 1 sec
Sat Sep  5 00:47:30 2015

t_id[1986454640], printf until signal is comming

Sat Sep  5 00:47:31 2015

sleep 1 sec
Sat Sep  5 00:47:31 2015

t_id[1986454640], printf until signal is comming

Sat Sep  5 00:47:32 2015

sleep 1 sec
Sat Sep  5 00:47:32 2015

t_id[1986454640], printf until signal is comming

Sat Sep  5 00:47:33 2015

sleep 1 sec
Sat Sep  5 00:47:33 2015

t_id[1986454640], printf until signal is comming

Sat Sep  5 00:47:34 2015

sleep 1 sec
Sat Sep  5 00:47:34 2015

t_id[1986454640], printf until signal is comming

Sat Sep  5 00:47:35 2015

sleep 1 sec
Sat Sep  5 00:47:35 2015

t_id[1986454640], printf until signal is comming

Sat Sep  5 00:47:36 2015

sleep 1 sec
Sat Sep  5 00:47:36 2015

t_id[1986454640], printf until signal is comming

Sat Sep  5 00:47:37 2015

sleep 1 sec
Sat Sep  5 00:47:37 2015

t_id[1986454640], printf until signal is comming

Sat Sep  5 00:47:38 2015

sleep 1 sec
Sat Sep  5 00:47:39 2015

t_id[1986454640], printf until signal is comming

Sat Sep  5 00:47:40 2015

sleep 1 sec
Sat Sep  5 00:47:40 2015

t_id[1986454640], printf until signal is comming

Sat Sep  5 00:47:41 2015

sleep 1 sec
Sat Sep  5 00:47:41 2015

t_id[1986454640], printf until signal is comming

Sat Sep  5 00:47:42 2015

sleep 1 sec
Sat Sep  5 00:47:42 2015

t_id[1986454640], printf until signal is comming

Sat Sep  5 00:47:43 2015

sleep 1 sec
Sat Sep  5 00:47:43 2015

t_id[1986454640], printf until signal is comming

Sat Sep  5 00:47:44 2015

sleep 1 sec
Sat Sep  5 00:47:44 2015

t_id[1986454640], printf until signal is comming

Sat Sep  5 00:47:45 2015

sleep 1 sec
Sat Sep  5 00:47:45 2015

t_id[1986454640], printf until signal is comming

Sat Sep  5 00:47:46 2015

sleep 1 sec
Sat Sep  5 00:47:46 2015

t_id[1986454640], printf until signal is comming

Sat Sep  5 00:47:47 2015

sleep 1 sec
Sat Sep  5 00:47:47 2015

t_id[1986454640], printf until signal is comming

Sat Sep  5 00:47:48 2015

sleep 1 sec
Sat Sep  5 00:47:48 2015

t_id[1986454640], printf until signal is comming

Sat Sep  5 00:47:49 2015

sleep 1 sec
Sat Sep  5 00:47:49 2015

t_id[1986454640], printf until signal is comming

Sat Sep  5 00:47:50 2015

sleep 1 sec
Sat Sep  5 00:47:50 2015

t_id[1986454640], printf until signal is comming

Sat Sep  5 00:47:51 2015

sleep 1 sec
Sat Sep  5 00:47:51 2015

t_id[1986454640], printf until signal is comming

Sat Sep  5 00:47:52 2015

sleep 1 sec
Sat Sep  5 00:47:52 2015

t_id[1986454640], printf until signal is comming

Sat Sep  5 00:47:53 2015

sleep 1 sec
Sat Sep  5 00:47:53 2015

t_id[1986454640], printf until signal is comming

Sat Sep  5 00:47:54 2015

sleep 1 sec
Sat Sep  5 00:47:54 2015

t_id[1986454640], printf until signal is comming

Sat Sep  5 00:47:55 2015

sleep 1 sec
Sat Sep  5 00:47:55 2015

t_id[1986454640], printf until signal is comming

Sat Sep  5 00:47:56 2015

sleep 1 sec
Sat Sep  5 00:47:56 2015

t_id[1986454640], printf until signal is comming

Sat Sep  5 00:47:57 2015

sleep 1 sec
Sat Sep  5 00:47:57 2015

t_id[1986454640], printf until signal is comming

Sat Sep  5 00:47:58 2015

sleep 1 sec
Sat Sep  5 00:47:58 2015

t_id[1986454640], printf until signal is comming

Sat Sep  5 00:47:59 2015

sleep 1 sec
Sat Sep  5 00:47:59 2015

t_id[1986454640], printf until signal is comming

Sat Sep  5 00:48:00 2015

sleep 1 sec
Sat Sep  5 00:48:00 2015

t_id[1986454640], printf until signal is comming

Sat Sep  5 00:48:01 2015

sleep 1 sec
Sat Sep  5 00:48:01 2015

t_id[1986454640], printf until signal is comming

Sat Sep  5 00:48:02 2015

sleep 1 sec
Sat Sep  5 00:48:02 2015

t_id[1986454640], printf until signal is comming

Sat Sep  5 00:48:03 2015

sleep 1 sec
Sat Sep  5 00:48:03 2015

t_id[1986454640], printf until signal is comming

Sat Sep  5 00:48:04 2015

sleep 1 sec
Sat Sep  5 00:48:04 2015

t_id[1986454640], printf until signal is comming

Sat Sep  5 00:48:10 2015

sleep 1 sec
Sat Sep  5 00:48:10 2015

t_id[1986454640], printf until signal is comming

Sat Sep  5 00:48:22 2015

sleep 1 sec
Sat Sep  5 00:48:22 2015

pthread created
Sat Sep  5 00:49:09 2015

getDone
Sat Sep  5 00:49:09 2015

t_id[1985987696], printf until signal is comming

Sat Sep  5 00:49:09 2015

sleep 1 sec
Sat Sep  5 00:49:09 2015

t_id[1985987696], printf until signal is comming

Sat Sep  5 00:49:10 2015

sleep 1 sec
Sat Sep  5 00:49:10 2015

t_id[1985987696], printf until signal is comming

Sat Sep  5 00:49:11 2015

sleep 1 sec
Sat Sep  5 00:49:11 2015

t_id[1985987696], printf until signal is comming

Sat Sep  5 00:49:12 2015

sleep 1 sec
Sat Sep  5 00:49:12 2015

t_id[1985987696], printf until signal is comming

Sat Sep  5 00:49:13 2015

sleep 1 sec
Sat Sep  5 00:49:13 2015

t_id[1985987696], printf until signal is comming

Sat Sep  5 00:49:14 2015

sleep 1 sec
Sat Sep  5 00:49:14 2015

t_id[1985987696], printf until signal is comming

Sat Sep  5 00:49:15 2015

sleep 1 sec
Sat Sep  5 00:49:15 2015

t_id[1985987696], printf until signal is comming

Sat Sep  5 00:49:16 2015

sleep 1 sec
Sat Sep  5 00:49:16 2015

signal is received
Sat Sep  5 00:49:17 2015

pthread created
Sat Sep  5 00:50:07 2015

getDone
Sat Sep  5 00:50:07 2015

t_id[1985549424], printf until signal is comming

Sat Sep  5 00:50:07 2015

pthread created
Sat Sep  5 00:50:07 2015

getDone
Sat Sep  5 00:50:07 2015

sleep 1 sec
Sat Sep  5 00:50:07 2015

t_id[1977160816], printf until signal is comming

Sat Sep  5 00:50:07 2015

sleep 1 sec
Sat Sep  5 00:50:07 2015

t_id[1985549424], printf until signal is comming

Sat Sep  5 00:50:08 2015

sleep 1 sec
Sat Sep  5 00:50:08 2015

t_id[1977160816], printf until signal is comming

Sat Sep  5 00:50:08 2015

sleep 1 sec
Sat Sep  5 00:50:08 2015

t_id[1985549424], printf until signal is comming

Sat Sep  5 00:50:09 2015

sleep 1 sec
Sat Sep  5 00:50:09 2015

t_id[1977160816], printf until signal is comming

Sat Sep  5 00:50:09 2015

sleep 1 sec
Sat Sep  5 00:50:09 2015

t_id[1985549424], printf until signal is comming

Sat Sep  5 00:50:10 2015

sleep 1 sec
Sat Sep  5 00:50:10 2015

t_id[1977160816], printf until signal is comming

Sat Sep  5 00:50:10 2015

sleep 1 sec
Sat Sep  5 00:50:10 2015

t_id[1985549424], printf until signal is comming

Sat Sep  5 00:50:11 2015

sleep 1 sec
Sat Sep  5 00:50:11 2015

t_id[1977160816], printf until signal is comming

Sat Sep  5 00:50:11 2015

sleep 1 sec
Sat Sep  5 00:50:11 2015

t_id[1985549424], printf until signal is comming

Sat Sep  5 00:50:12 2015

sleep 1 sec
Sat Sep  5 00:50:12 2015

t_id[1977160816], printf until signal is comming

Sat Sep  5 00:50:12 2015

sleep 1 sec
Sat Sep  5 00:50:12 2015

t_id[1985549424], printf until signal is comming

Sat Sep  5 00:50:13 2015

sleep 1 sec
Sat Sep  5 00:50:13 2015

t_id[1977160816], printf until signal is comming

Sat Sep  5 00:50:13 2015

sleep 1 sec
Sat Sep  5 00:50:13 2015

signal is received
Sat Sep  5 00:50:14 2015

signal is received
Sat Sep  5 00:50:14 2015

pthread created
Sat Sep  5 00:50:28 2015

getDone
Sat Sep  5 00:50:28 2015

t_id[1985512560], printf until signal is comming

Sat Sep  5 00:50:28 2015

pthread created
Sat Sep  5 00:50:28 2015

getDone
Sat Sep  5 00:50:28 2015

t_id[1960346736], printf until signal is comming

Sat Sep  5 00:50:28 2015

pthread created
Sat Sep  5 00:50:28 2015

getDone
Sat Sep  5 00:50:28 2015

t_id[1943569520], printf until signal is comming

Sat Sep  5 00:50:28 2015

pthread created
Sat Sep  5 00:50:28 2015

getDone
Sat Sep  5 00:50:28 2015

t_id[1926792304], printf until signal is comming

Sat Sep  5 00:50:28 2015

pthread created
Sat Sep  5 00:50:28 2015

getDone
Sat Sep  5 00:50:28 2015

t_id[1977123952], printf until signal is comming

Sat Sep  5 00:50:28 2015

pthread created
Sat Sep  5 00:50:28 2015

getDone
Sat Sep  5 00:50:28 2015

t_id[1951958128], printf until signal is comming

Sat Sep  5 00:50:28 2015

pthread created
Sat Sep  5 00:50:28 2015

getDone
Sat Sep  5 00:50:28 2015

t_id[1935180912], printf until signal is comming

Sat Sep  5 00:50:28 2015

sleep 1 sec
Sat Sep  5 00:50:28 2015

sleep 1 sec
Sat Sep  5 00:50:28 2015

sleep 1 sec
Sat Sep  5 00:50:28 2015

sleep 1 sec
Sat Sep  5 00:50:28 2015

pthread created
Sat Sep  5 00:50:28 2015

getDone
Sat Sep  5 00:50:28 2015

t_id[1968735344], printf until signal is comming

Sat Sep  5 00:50:28 2015

sleep 1 sec
Sat Sep  5 00:50:28 2015

sleep 1 sec
Sat Sep  5 00:50:28 2015

sleep 1 sec
Sat Sep  5 00:50:28 2015

sleep 1 sec
Sat Sep  5 00:50:28 2015

t_id[1985512560], printf until signal is comming

Sat Sep  5 00:50:29 2015

sleep 1 sec
Sat Sep  5 00:50:29 2015

t_id[1960346736], printf until signal is comming

Sat Sep  5 00:50:29 2015

sleep 1 sec
Sat Sep  5 00:50:29 2015

t_id[1977123952], printf until signal is comming

Sat Sep  5 00:50:29 2015

sleep 1 sec
Sat Sep  5 00:50:29 2015

t_id[1935180912], printf until signal is comming

Sat Sep  5 00:50:29 2015

t_id[1943569520], printf until signal is comming

Sat Sep  5 00:50:29 2015

sleep 1 sec
Sat Sep  5 00:50:29 2015

t_id[1951958128], printf until signal is comming

Sat Sep  5 00:50:29 2015

sleep 1 sec
Sat Sep  5 00:50:29 2015

sleep 1 sec
Sat Sep  5 00:50:29 2015

t_id[1968735344], printf until signal is comming

Sat Sep  5 00:50:29 2015

sleep 1 sec
Sat Sep  5 00:50:29 2015

t_id[1926792304], printf until signal is comming

Sat Sep  5 00:50:29 2015

sleep 1 sec
Sat Sep  5 00:50:29 2015

t_id[1985512560], printf until signal is comming

Sat Sep  5 00:50:30 2015

sleep 1 sec
Sat Sep  5 00:50:30 2015

t_id[1960346736], printf until signal is comming

Sat Sep  5 00:50:30 2015

sleep 1 sec
Sat Sep  5 00:50:30 2015

t_id[1935180912], printf until signal is comming

Sat Sep  5 00:50:30 2015

t_id[1977123952], printf until signal is comming

Sat Sep  5 00:50:30 2015

t_id[1951958128], printf until signal is comming

Sat Sep  5 00:50:30 2015

t_id[1943569520], printf until signal is comming

Sat Sep  5 00:50:30 2015

sleep 1 sec
Sat Sep  5 00:50:30 2015

t_id[1968735344], printf until signal is comming

Sat Sep  5 00:50:30 2015

sleep 1 sec
Sat Sep  5 00:50:30 2015

t_id[1926792304], printf until signal is comming

Sat Sep  5 00:50:30 2015

sleep 1 sec
Sat Sep  5 00:50:30 2015

sleep 1 sec
Sat Sep  5 00:50:30 2015

sleep 1 sec
Sat Sep  5 00:50:30 2015

sleep 1 sec
Sat Sep  5 00:50:30 2015

t_id[1985512560], printf until signal is comming

Sat Sep  5 00:50:31 2015

sleep 1 sec
Sat Sep  5 00:50:31 2015

t_id[1960346736], printf until signal is comming

Sat Sep  5 00:50:31 2015

sleep 1 sec
Sat Sep  5 00:50:31 2015

t_id[1935180912], printf until signal is comming

Sat Sep  5 00:50:31 2015

sleep 1 sec
Sat Sep  5 00:50:31 2015

t_id[1968735344], printf until signal is comming

Sat Sep  5 00:50:31 2015

t_id[1977123952], printf until signal is comming

Sat Sep  5 00:50:31 2015

sleep 1 sec
Sat Sep  5 00:50:31 2015

t_id[1943569520], printf until signal is comming

Sat Sep  5 00:50:31 2015

t_id[1926792304], printf until signal is comming

Sat Sep  5 00:50:31 2015

sleep 1 sec
Sat Sep  5 00:50:31 2015

sleep 1 sec
Sat Sep  5 00:50:31 2015

t_id[1951958128], printf until signal is comming

Sat Sep  5 00:50:31 2015

sleep 1 sec
Sat Sep  5 00:50:31 2015

sleep 1 sec
Sat Sep  5 00:50:31 2015

t_id[1985512560], printf until signal is comming

Sat Sep  5 00:50:32 2015

sleep 1 sec
Sat Sep  5 00:50:32 2015

t_id[1960346736], printf until signal is comming

Sat Sep  5 00:50:32 2015

sleep 1 sec
Sat Sep  5 00:50:32 2015

t_id[1935180912], printf until signal is comming

Sat Sep  5 00:50:32 2015

sleep 1 sec
Sat Sep  5 00:50:32 2015

t_id[1968735344], printf until signal is comming

Sat Sep  5 00:50:32 2015

sleep 1 sec
Sat Sep  5 00:50:32 2015

t_id[1943569520], printf until signal is comming

Sat Sep  5 00:50:32 2015

sleep 1 sec
Sat Sep  5 00:50:32 2015

t_id[1977123952], printf until signal is comming

Sat Sep  5 00:50:32 2015

sleep 1 sec
Sat Sep  5 00:50:32 2015

t_id[1951958128], printf until signal is comming

Sat Sep  5 00:50:32 2015

sleep 1 sec
Sat Sep  5 00:50:32 2015

t_id[1926792304], printf until signal is comming

Sat Sep  5 00:50:32 2015

sleep 1 sec
Sat Sep  5 00:50:32 2015

t_id[1985512560], printf until signal is comming

Sat Sep  5 00:50:33 2015

t_id[1960346736], printf until signal is comming

Sat Sep  5 00:50:33 2015

sleep 1 sec
Sat Sep  5 00:50:33 2015

t_id[1935180912], printf until signal is comming

Sat Sep  5 00:50:33 2015

sleep 1 sec
Sat Sep  5 00:50:33 2015

t_id[1968735344], printf until signal is comming

Sat Sep  5 00:50:33 2015

sleep 1 sec
Sat Sep  5 00:50:33 2015

sleep 1 sec
Sat Sep  5 00:50:33 2015

t_id[1943569520], printf until signal is comming

Sat Sep  5 00:50:33 2015

sleep 1 sec
Sat Sep  5 00:50:33 2015

t_id[1977123952], printf until signal is comming

Sat Sep  5 00:50:33 2015

sleep 1 sec
Sat Sep  5 00:50:33 2015

t_id[1951958128], printf until signal is comming

Sat Sep  5 00:50:33 2015

sleep 1 sec
Sat Sep  5 00:50:33 2015

t_id[1926792304], printf until signal is comming

Sat Sep  5 00:50:33 2015

sleep 1 sec
Sat Sep  5 00:50:33 2015

t_id[1985512560], printf until signal is comming

Sat Sep  5 00:50:34 2015

sleep 1 sec
Sat Sep  5 00:50:34 2015

t_id[1960346736], printf until signal is comming

Sat Sep  5 00:50:34 2015

sleep 1 sec
Sat Sep  5 00:50:34 2015

t_id[1935180912], printf until signal is comming

Sat Sep  5 00:50:34 2015

t_id[1968735344], printf until signal is comming

Sat Sep  5 00:50:34 2015

t_id[1943569520], printf until signal is comming

Sat Sep  5 00:50:34 2015

sleep 1 sec
Sat Sep  5 00:50:34 2015

t_id[1977123952], printf until signal is comming

Sat Sep  5 00:50:34 2015

sleep 1 sec
Sat Sep  5 00:50:34 2015

sleep 1 sec
Sat Sep  5 00:50:34 2015

t_id[1951958128], printf until signal is comming

Sat Sep  5 00:50:34 2015

sleep 1 sec
Sat Sep  5 00:50:34 2015

sleep 1 sec
Sat Sep  5 00:50:34 2015

t_id[1926792304], printf until signal is comming

Sat Sep  5 00:50:34 2015

sleep 1 sec
Sat Sep  5 00:50:34 2015

t_id[1985512560], printf until signal is comming

Sat Sep  5 00:50:35 2015

sleep 1 sec
Sat Sep  5 00:50:35 2015

t_id[1960346736], printf until signal is comming

Sat Sep  5 00:50:35 2015

sleep 1 sec
Sat Sep  5 00:50:35 2015

t_id[1968735344], printf until signal is comming

Sat Sep  5 00:50:35 2015

sleep 1 sec
Sat Sep  5 00:50:35 2015

t_id[1943569520], printf until signal is comming

Sat Sep  5 00:50:35 2015

sleep 1 sec
Sat Sep  5 00:50:35 2015

t_id[1977123952], printf until signal is comming

Sat Sep  5 00:50:35 2015

sleep 1 sec
Sat Sep  5 00:50:35 2015

t_id[1951958128], printf until signal is comming

Sat Sep  5 00:50:35 2015

sleep 1 sec
Sat Sep  5 00:50:35 2015

t_id[1935180912], printf until signal is comming

Sat Sep  5 00:50:35 2015

sleep 1 sec
Sat Sep  5 00:50:35 2015

t_id[1926792304], printf until signal is comming

Sat Sep  5 00:50:35 2015

sleep 1 sec
Sat Sep  5 00:50:35 2015

t_id[1985512560], printf until signal is comming

Sat Sep  5 00:50:36 2015

sleep 1 sec
Sat Sep  5 00:50:36 2015

t_id[1960346736], printf until signal is comming

Sat Sep  5 00:50:36 2015

sleep 1 sec
Sat Sep  5 00:50:36 2015

t_id[1968735344], printf until signal is comming

Sat Sep  5 00:50:36 2015

sleep 1 sec
Sat Sep  5 00:50:36 2015

t_id[1943569520], printf until signal is comming

Sat Sep  5 00:50:36 2015

sleep 1 sec
Sat Sep  5 00:50:36 2015

t_id[1977123952], printf until signal is comming

Sat Sep  5 00:50:36 2015

sleep 1 sec
Sat Sep  5 00:50:36 2015

t_id[1951958128], printf until signal is comming

Sat Sep  5 00:50:36 2015

sleep 1 sec
Sat Sep  5 00:50:36 2015

t_id[1935180912], printf until signal is comming

Sat Sep  5 00:50:36 2015

sleep 1 sec
Sat Sep  5 00:50:36 2015

t_id[1926792304], printf until signal is comming

Sat Sep  5 00:50:36 2015

sleep 1 sec
Sat Sep  5 00:50:36 2015

t_id[1985512560], printf until signal is comming

Sat Sep  5 00:50:37 2015

sleep 1 sec
Sat Sep  5 00:50:37 2015

t_id[1960346736], printf until signal is comming

Sat Sep  5 00:50:37 2015

sleep 1 sec
Sat Sep  5 00:50:37 2015

t_id[1968735344], printf until signal is comming

Sat Sep  5 00:50:37 2015

sleep 1 sec
Sat Sep  5 00:50:37 2015

t_id[1943569520], printf until signal is comming

Sat Sep  5 00:50:37 2015

sleep 1 sec
Sat Sep  5 00:50:37 2015

t_id[1977123952], printf until signal is comming

Sat Sep  5 00:50:37 2015

sleep 1 sec
Sat Sep  5 00:50:37 2015

t_id[1951958128], printf until signal is comming

Sat Sep  5 00:50:37 2015

sleep 1 sec
Sat Sep  5 00:50:37 2015

t_id[1935180912], printf until signal is comming

Sat Sep  5 00:50:37 2015

sleep 1 sec
Sat Sep  5 00:50:37 2015

t_id[1926792304], printf until signal is comming

Sat Sep  5 00:50:37 2015

sleep 1 sec
Sat Sep  5 00:50:37 2015

t_id[1985512560], printf until signal is comming

Sat Sep  5 00:50:38 2015

sleep 1 sec
Sat Sep  5 00:50:38 2015

t_id[1960346736], printf until signal is comming

Sat Sep  5 00:50:38 2015

sleep 1 sec
Sat Sep  5 00:50:38 2015

t_id[1968735344], printf until signal is comming

Sat Sep  5 00:50:38 2015

t_id[1943569520], printf until signal is comming

Sat Sep  5 00:50:38 2015

t_id[1977123952], printf until signal is comming

Sat Sep  5 00:50:38 2015

sleep 1 sec
Sat Sep  5 00:50:38 2015

sleep 1 sec
Sat Sep  5 00:50:38 2015

t_id[1951958128], printf until signal is comming

Sat Sep  5 00:50:38 2015

sleep 1 sec
Sat Sep  5 00:50:38 2015

t_id[1935180912], printf until signal is comming

Sat Sep  5 00:50:38 2015

sleep 1 sec
Sat Sep  5 00:50:38 2015

sleep 1 sec
Sat Sep  5 00:50:38 2015

t_id[1926792304], printf until signal is comming

Sat Sep  5 00:50:38 2015

sleep 1 sec
Sat Sep  5 00:50:38 2015

t_id[1985512560], printf until signal is comming

Sat Sep  5 00:50:39 2015

sleep 1 sec
Sat Sep  5 00:50:39 2015

t_id[1960346736], printf until signal is comming

Sat Sep  5 00:50:39 2015

sleep 1 sec
Sat Sep  5 00:50:39 2015

t_id[1943569520], printf until signal is comming

Sat Sep  5 00:50:39 2015

sleep 1 sec
Sat Sep  5 00:50:39 2015

t_id[1977123952], printf until signal is comming

Sat Sep  5 00:50:39 2015

sleep 1 sec
Sat Sep  5 00:50:39 2015

t_id[1968735344], printf until signal is comming

Sat Sep  5 00:50:39 2015

t_id[1951958128], printf until signal is comming

Sat Sep  5 00:50:39 2015

sleep 1 sec
Sat Sep  5 00:50:39 2015

sleep 1 sec
Sat Sep  5 00:50:39 2015

t_id[1935180912], printf until signal is comming

Sat Sep  5 00:50:39 2015

sleep 1 sec
Sat Sep  5 00:50:39 2015

t_id[1926792304], printf until signal is comming

Sat Sep  5 00:50:39 2015

sleep 1 sec
Sat Sep  5 00:50:39 2015

signal is received
Sat Sep  5 00:50:40 2015

signal is received
Sat Sep  5 00:50:40 2015

signal is received
Sat Sep  5 00:50:40 2015

signal is received
Sat Sep  5 00:50:40 2015

signal is received
Sat Sep  5 00:50:40 2015

signal is received
Sat Sep  5 00:50:40 2015

signal is received
Sat Sep  5 00:50:40 2015

signal is received
Sat Sep  5 00:50:40 2015

