=================
mCat is Started=================

Sat Aug 15 20:11:00 2015

Invalid Option Set
Sat Aug 15 20:11:00 2015

Get Option Error
Sat Aug 15 20:11:00 2015

=================
mCat is Error Exited=================

Sat Aug 15 20:11:00 2015

======================
mCat is Started
======================

Sat Aug 15 20:12:57 2015

Invalid Option Set
Sat Aug 15 20:12:57 2015

Get Option Error
Sat Aug 15 20:12:57 2015

======================
mCat is Error Exited
======================

Sat Aug 15 20:12:57 2015

======================
mCat is Started
======================

Sat Aug 15 21:01:39 2015

======================
mCat is Ended
======================

Sat Aug 15 21:01:39 2015

======================
mCat is Started
======================

Sat Aug 15 21:01:47 2015

Option Error
Sat Aug 15 21:01:47 2015

Get Option Error
Sat Aug 15 21:01:47 2015

======================
mCat is Error Exited
======================

Sat Aug 15 21:01:47 2015

======================
mCat is Started
======================

Sat Aug 15 21:01:49 2015

Option Error
Sat Aug 15 21:01:49 2015

Get Option Error
Sat Aug 15 21:01:49 2015

======================
mCat is Error Exited
======================

Sat Aug 15 21:01:49 2015

======================
mCat is Started
======================

Sat Aug 15 21:01:51 2015

======================
mCat is Ended
======================

Sat Aug 15 21:01:51 2015

======================
mCat is Started
======================

Sat Aug 15 21:02:30 2015

======================
mCat is Ended
======================

Sat Aug 15 21:02:30 2015

======================
mCat is Started
======================

Sat Aug 15 21:02:33 2015

======================
mCat is Ended
======================

Sat Aug 15 21:02:33 2015

======================
mCat is Started
======================

Sat Aug 15 21:02:44 2015

======================
mCat is Ended
======================

Sat Aug 15 21:02:44 2015

======================
mCat is Started
======================

Sat Aug 15 21:02:49 2015

======================
mCat is Ended
======================

Sat Aug 15 21:02:49 2015

======================
mCat is Started
======================

Sat Aug 15 21:03:00 2015

======================
mCat is Ended
======================

Sat Aug 15 21:03:00 2015

======================
mCat is Started
======================

Sat Aug 15 21:37:52 2015

File Open Error
Sat Aug 15 21:37:52 2015

======================
mCat is Error Exited
======================

Sat Aug 15 21:37:52 2015

======================
mCat is Started
======================

Sat Aug 15 21:38:29 2015

======================
mCat is Ended
======================

Sat Aug 15 21:38:29 2015

======================
mCat is Started
======================

Sat Aug 15 21:39:29 2015

======================
mCat is Ended
======================

Sat Aug 15 21:39:29 2015

======================
mCat is Started
======================

Sat Aug 15 22:23:18 2015

======================
mCat is Ended
======================

Sat Aug 15 22:23:18 2015

======================
mCat is Started
======================

Sat Aug 15 22:23:19 2015

======================
mCat is Ended
======================

Sat Aug 15 22:23:19 2015

======================
mCat is Started
======================

Sat Aug 15 22:23:20 2015

======================
mCat is Ended
======================

Sat Aug 15 22:23:20 2015

======================
mCat is Started
======================

Sat Aug 15 22:24:17 2015

======================
mCat is Ended
======================

Sat Aug 15 22:24:17 2015

======================
mCat is Started
======================

Sat Aug 15 22:24:25 2015

======================
mCat is Ended
======================

Sat Aug 15 22:24:25 2015

======================
mCat is Started
======================

Sat Aug 15 22:26:12 2015

======================
mCat is Ended
======================

Sat Aug 15 22:26:12 2015

======================
mCat is Started
======================

Sat Aug 15 22:26:39 2015

======================
mCat is Ended
======================

Sat Aug 15 22:26:39 2015

======================
mCat is Started
======================

Sat Aug 15 22:31:49 2015

======================
mCat is Ended
======================

Sat Aug 15 22:31:49 2015

======================
mCat is Started
======================

Sat Aug 15 22:37:06 2015

File Open Error
Sat Aug 15 22:37:06 2015

======================
mCat is Error Exited
======================

Sat Aug 15 22:37:06 2015

======================
mCat is Started
======================

Sat Aug 15 22:37:43 2015

No such file or directory
Sat Aug 15 22:37:43 2015

======================
mCat is Error Exited
======================

Sat Aug 15 22:37:43 2015

======================
mCat is Started
======================

Sat Aug 15 22:43:57 2015

======================
mCat is Ended
======================

Sat Aug 15 22:43:57 2015

======================
mCat is Started
======================

Sat Aug 15 22:45:55 2015

======================
mCat is Ended
======================

Sat Aug 15 22:45:55 2015

======================
mCat is Started
======================

Sat Aug 15 22:46:30 2015

======================
mCat is Ended
======================

Sat Aug 15 22:46:30 2015

======================
mCat is Started
======================

Sat Aug 15 22:47:00 2015

======================
mCat is Ended
======================

Sat Aug 15 22:47:00 2015

======================
mCat is Started
======================

Sat Aug 15 22:51:59 2015

======================
mCat is Ended
======================

Sat Aug 15 22:51:59 2015

======================
mCat is Started
======================

Sat Aug 15 22:52:03 2015

======================
mCat is Ended
======================

Sat Aug 15 22:52:03 2015

======================
mCat is Started
======================

Sat Aug 15 22:52:43 2015

======================
mCat is Ended
======================

Sat Aug 15 22:52:43 2015

======================
mCat is Started
======================

Sat Aug 15 22:52:46 2015

======================
mCat is Ended
======================

Sat Aug 15 22:52:46 2015

======================
mCat is Started
======================

Sat Aug 15 22:52:50 2015

======================
mCat is Ended
======================

Sat Aug 15 22:52:50 2015

======================
mCat is Started
======================

Sat Aug 15 22:53:32 2015

======================
mCat is Ended
======================

Sat Aug 15 22:55:55 2015

======================
mCat is Started
======================

Sat Aug 15 22:56:09 2015

======================
mCat is Ended
======================

Sat Aug 15 22:56:09 2015

======================
mCat is Started
======================

Sat Aug 15 22:56:14 2015

======================
mCat is Ended
======================

Sat Aug 15 22:56:14 2015

======================
mCat is Started
======================

Sat Aug 15 22:56:54 2015

======================
mCat is Ended
======================

Sat Aug 15 22:56:54 2015

======================
mCat is Started
======================

Sat Aug 15 22:57:09 2015

======================
mCat is Ended
======================

Sat Aug 15 22:57:09 2015

======================
mCat is Started
======================

Sat Aug 15 22:59:36 2015

======================
mCat is Ended
======================

Sat Aug 15 22:59:36 2015

======================
mCat is Started
======================

Sat Aug 15 22:59:47 2015

======================
mCat is Ended
======================

Sat Aug 15 22:59:47 2015

======================
mCat is Started
======================

Sat Aug 15 23:01:00 2015

======================
mCat is Ended
======================

Sat Aug 15 23:01:00 2015

======================
mCat is Started
======================

Sat Aug 15 23:01:28 2015

======================
mCat is Ended
======================

Sat Aug 15 23:01:28 2015

======================
mCat is Started
======================

Sat Aug 15 23:01:38 2015

======================
mCat is Ended
======================

Sat Aug 15 23:01:38 2015

======================
mCat is Started
======================

Sat Aug 15 23:12:46 2015

======================
mCat is Ended
======================

Sat Aug 15 23:12:46 2015

======================
mCat is Started
======================

Sat Aug 15 23:12:49 2015

======================
mCat is Ended
======================

Sat Aug 15 23:12:49 2015

======================
mCat is Started
======================

Sat Aug 15 23:12:49 2015

======================
mCat is Ended
======================

Sat Aug 15 23:12:49 2015

======================
mCat is Started
======================

Sat Aug 15 23:14:09 2015

======================
mCat is Ended
======================

Sat Aug 15 23:14:09 2015

======================
mCat is Started
======================

Sat Aug 15 23:14:11 2015

======================
mCat is Ended
======================

Sat Aug 15 23:14:11 2015

======================
mCat is Started
======================

Sat Aug 15 23:14:12 2015

======================
mCat is Ended
======================

Sat Aug 15 23:14:12 2015

======================
mCat is Started
======================

Sat Aug 15 23:16:00 2015

======================
mCat is Ended
======================

Sat Aug 15 23:16:00 2015

======================
mCat is Started
======================

Sat Aug 15 23:16:04 2015

======================
mCat is Ended
======================

Sat Aug 15 23:16:04 2015

======================
mCat is Started
======================

Sat Aug 15 23:19:36 2015

======================
mCat is Ended
======================

Sat Aug 15 23:19:36 2015

======================
mCat is Started
======================

Sat Aug 15 23:19:53 2015

======================
mCat is Ended
======================

Sat Aug 15 23:19:53 2015

